2026-01-08 15:03:14 [main] INFO  Log - ---------------Create Playwright instance ------------
2026-01-08 15:03:19 [main] INFO  Log - ---------------Launching Chromium browser with Chrome channel ------------
2026-01-08 15:03:19 [main] INFO  Log - ---------------Browser Screen Size 1920, 1080 opening successfully ------------
2026-01-08 15:03:20 [main] INFO  Log - ---------------Opening new Browser Page/Tab ------------
2026-01-08 15:03:20 [main] INFO  Log - ---------------Create Landing Page Object Successfullay ------------
2026-01-08 15:03:20 [main] INFO  Log - --------- open landing page sucessfullay ---------
2026-01-08 15:03:25 [main] INFO  Log - ---------------Close Playwright instance Successfullay ------------
2026-01-08 21:00:13 [main] INFO  Log - ---------------Create Playwright instance ------------
2026-01-08 21:00:18 [main] INFO  Log - ---------------Launching Chromium browser with Chrome channel ------------
2026-01-08 21:00:18 [main] INFO  Log - ---------------Browser Screen Size 1920, 1080 opening successfully ------------
2026-01-08 21:00:18 [main] INFO  Log - ---------------Opening new Browser Page/Tab ------------
2026-01-08 21:00:18 [main] INFO  Log - ---------------Create Landing Page Object Successfullay ------------
2026-01-08 21:00:18 [main] INFO  Log - --------- open landing page sucessfullay ---------
2026-01-08 21:00:31 [main] INFO  Log - ---------------Close Playwright instance Successfullay ------------
2026-01-09 15:00:29 [main] INFO  Log - ---------------Create Playwright instance ------------
2026-01-09 15:00:41 [main] INFO  Log - ---------------Launching Chromium browser with Chrome channel ------------
2026-01-09 15:00:41 [main] INFO  Log - ---------------Browser Screen Size 1920, 1080 opening successfully ------------
2026-01-09 15:00:41 [main] INFO  Log - ---------------Opening new Browser Page/Tab ------------
2026-01-09 15:00:41 [main] INFO  Log - ---------------Create Landing Page Object Successfullay ------------
2026-01-09 15:00:41 [main] INFO  Log - --------- open landing page sucessfullay ---------
2026-01-09 15:01:11 [main] INFO  Log - ---------------Close Playwright instance Successfullay ------------
2026-01-09 15:05:56 [main] INFO  Log - ---------------Create Playwright instance ------------
2026-01-09 15:06:04 [main] INFO  Log - ---------------Launching Chromium browser with Chrome channel ------------
2026-01-09 15:06:04 [main] INFO  Log - ---------------Browser Screen Size 1920, 1080 opening successfully ------------
2026-01-09 15:06:04 [main] INFO  Log - ---------------Opening new Browser Page/Tab ------------
2026-01-09 15:06:04 [main] INFO  Log - ---------------Create Landing Page Object Successfullay ------------
2026-01-09 15:06:04 [main] INFO  Log - --------- open landing page sucessfullay ---------
2026-01-09 15:06:13 [main] INFO  Log - ---------------Close Playwright instance Successfullay ------------
2026-01-09 15:07:11 [main] INFO  Log - ---------------Create Playwright instance ------------
2026-01-09 15:07:19 [main] INFO  Log - ---------------Launching Chromium browser with Chrome channel ------------
2026-01-09 15:07:19 [main] INFO  Log - ---------------Browser Screen Size 1920, 1080 opening successfully ------------
2026-01-09 15:07:19 [main] INFO  Log - ---------------Opening new Browser Page/Tab ------------
2026-01-09 15:07:19 [main] INFO  Log - ---------------Create Landing Page Object Successfullay ------------
2026-01-09 15:07:19 [main] INFO  Log - --------- open landing page sucessfullay ---------
2026-01-09 15:07:27 [main] INFO  Log - ---------------Close Playwright instance Successfullay ------------
2026-01-09 16:56:27 [main] INFO  Log - ---------------Create Playwright instance ------------
2026-01-09 17:15:58 [main] INFO  Log - ---------------Create Playwright instance ------------
2026-01-09 17:16:32 [main] INFO  Log - ---------------Launching Chromium browser with Chrome channel ------------
2026-01-09 17:16:33 [main] INFO  Log - ---------------Browser Screen Size 1920, 1080 opening successfully ------------
2026-01-09 17:16:33 [main] INFO  Log - ---------------Opening new Browser Page/Tab ------------
2026-01-09 17:16:33 [main] INFO  Log - ---------------Create Landing Page Object Successfullay ------------
2026-01-09 17:16:33 [main] INFO  Log - --------- open landing page sucessfullay ---------
2026-01-09 17:16:38 [main] INFO  Log - ---------------Close Playwright instance Successfullay ------------
2026-01-09 17:18:18 [main] INFO  Log - ---------------Create Playwright instance ------------
2026-01-09 17:18:26 [main] INFO  Log - ---------------Launching Chromium browser with Chrome channel ------------
2026-01-09 17:18:26 [main] INFO  Log - ---------------Browser Screen Size 1920, 1080 opening successfully ------------
2026-01-09 17:18:26 [main] INFO  Log - ---------------Opening new Browser Page/Tab ------------
2026-01-09 17:18:27 [main] INFO  Log - ---------------Create Landing Page Object Successfullay ------------
2026-01-09 17:18:27 [main] INFO  Log - --------- open landing page sucessfullay ---------
2026-01-09 17:18:32 [main] INFO  Log - ---------------Close Playwright instance Successfullay ------------
2026-01-10 15:02:16 [main] INFO  Log - ---------------Create Playwright instance ------------
2026-01-10 15:02:27 [main] INFO  Log - ---------------Launching Chromium browser with Chrome channel ------------
2026-01-10 15:02:27 [main] INFO  Log - ---------------Browser Screen Size 1920, 1080 opening successfully ------------
2026-01-10 15:02:27 [main] INFO  Log - ---------------Opening new Browser Page/Tab ------------
2026-01-10 15:02:27 [main] INFO  Log - ---------------Create Landing Page Object Successfullay ------------
2026-01-10 15:02:27 [main] INFO  Log - --------- open landing page sucessfullay ---------
2026-01-10 15:03:11 [main] INFO  Log - ---------------Close Playwright instance Successfullay ------------
2026-01-10 17:03:11 [main] INFO  Log - ---------------Create Playwright instance ------------
2026-01-10 17:03:20 [main] INFO  Log - ---------------Launching Chromium browser with Chrome channel ------------
2026-01-10 17:03:20 [main] INFO  Log - ---------------Browser Screen Size 1920, 1080 opening successfully ------------
2026-01-10 17:03:20 [main] INFO  Log - ---------------Opening new Browser Page/Tab ------------
2026-01-10 17:03:20 [main] INFO  Log - ---------------Create Landing Page Object Successfullay ------------
2026-01-10 17:03:20 [main] INFO  Log - --------- open landing page sucessfullay ---------
2026-01-10 17:04:01 [main] INFO  Log - ---------------Close Playwright instance Successfullay ------------
2026-01-10 17:10:20 [main] INFO  Log - ---------------Create Playwright instance ------------
2026-01-10 17:10:27 [main] INFO  Log - ---------------Launching Chromium browser with Chrome channel ------------
2026-01-10 17:10:28 [main] INFO  Log - ---------------Browser Screen Size 1920, 1080 opening successfully ------------
2026-01-10 17:10:28 [main] INFO  Log - ---------------Opening new Browser Page/Tab ------------
2026-01-10 17:10:28 [main] INFO  Log - ---------------Create Landing Page Object Successfullay ------------
2026-01-10 17:10:28 [main] INFO  Log - --------- open landing page sucessfullay ---------
2026-01-10 17:11:08 [main] INFO  Log - ---------------Close Playwright instance Successfullay ------------
2026-01-10 17:13:13 [main] INFO  Log - ---------------Create Playwright instance ------------
2026-01-10 17:13:21 [main] INFO  Log - ---------------Launching Chromium browser with Chrome channel ------------
2026-01-10 17:13:21 [main] INFO  Log - ---------------Browser Screen Size 1920, 1080 opening successfully ------------
2026-01-10 17:13:21 [main] INFO  Log - ---------------Opening new Browser Page/Tab ------------
2026-01-10 17:13:21 [main] INFO  Log - ---------------Create Landing Page Object Successfullay ------------
2026-01-10 17:13:21 [main] INFO  Log - --------- open landing page sucessfullay ---------
2026-01-10 17:13:46 [main] INFO  Log - ---------------Close Playwright instance Successfullay ------------
2026-01-10 17:17:57 [main] INFO  Log - ---------------Create Playwright instance ------------
2026-01-10 17:18:04 [main] INFO  Log - ---------------Launching Chromium browser with Chrome channel ------------
2026-01-10 17:18:04 [main] INFO  Log - ---------------Browser Screen Size 1920, 1080 opening successfully ------------
2026-01-10 17:18:04 [main] INFO  Log - ---------------Opening new Browser Page/Tab ------------
2026-01-10 17:18:04 [main] INFO  Log - ---------------Create Landing Page Object Successfullay ------------
2026-01-10 17:18:04 [main] INFO  Log - --------- open landing page sucessfullay ---------
2026-01-10 17:18:44 [main] INFO  Log - ---------------Close Playwright instance Successfullay ------------
2026-01-10 17:28:47 [main] INFO  Log - ---------------Create Playwright instance ------------
2026-01-10 17:28:55 [main] INFO  Log - ---------------Launching Chromium browser with Chrome channel ------------
2026-01-10 17:28:55 [main] INFO  Log - ---------------Browser Screen Size 1920, 1080 opening successfully ------------
2026-01-10 17:28:55 [main] INFO  Log - ---------------Opening new Browser Page/Tab ------------
2026-01-10 17:28:55 [main] INFO  Log - ---------------Create Landing Page Object Successfullay ------------
2026-01-10 17:28:56 [main] INFO  Log - --------- open landing page sucessfullay ---------
2026-01-10 17:29:04 [main] INFO  Log - ---------------Close Playwright instance Successfullay ------------
2026-01-10 17:32:22 [main] INFO  Log - ---------------Create Playwright instance ------------
2026-01-10 17:32:29 [main] INFO  Log - ---------------Launching Chromium browser with Chrome channel ------------
2026-01-10 17:32:30 [main] INFO  Log - ---------------Browser Screen Size 1920, 1080 opening successfully ------------
2026-01-10 17:32:30 [main] INFO  Log - ---------------Opening new Browser Page/Tab ------------
2026-01-10 17:32:30 [main] INFO  Log - ---------------Create Landing Page Object Successfullay ------------
2026-01-10 17:32:30 [main] INFO  Log - --------- open landing page sucessfullay ---------
2026-01-10 17:32:53 [main] INFO  Log - ---------------Close Playwright instance Successfullay ------------
2026-01-10 17:34:21 [main] INFO  Log - ---------------Create Playwright instance ------------
2026-01-10 17:34:29 [main] INFO  Log - ---------------Launching Chromium browser with Chrome channel ------------
2026-01-10 17:34:29 [main] INFO  Log - ---------------Browser Screen Size 1920, 1080 opening successfully ------------
2026-01-10 17:34:29 [main] INFO  Log - ---------------Opening new Browser Page/Tab ------------
2026-01-10 17:34:29 [main] INFO  Log - ---------------Create Landing Page Object Successfullay ------------
2026-01-10 17:34:29 [main] INFO  Log - --------- open landing page sucessfullay ---------
2026-01-10 17:34:38 [main] INFO  Log - ---------------Close Playwright instance Successfullay ------------
2026-01-10 17:35:49 [main] INFO  Log - ---------------Create Playwright instance ------------
2026-01-10 17:35:57 [main] INFO  Log - ---------------Launching Chromium browser with Chrome channel ------------
2026-01-10 17:35:57 [main] INFO  Log - ---------------Browser Screen Size 1920, 1080 opening successfully ------------
2026-01-10 17:35:57 [main] INFO  Log - ---------------Opening new Browser Page/Tab ------------
2026-01-10 17:35:57 [main] INFO  Log - ---------------Create Landing Page Object Successfullay ------------
2026-01-10 17:35:57 [main] INFO  Log - --------- open landing page sucessfullay ---------
2026-01-10 17:36:04 [main] INFO  Log - ---------------Close Playwright instance Successfullay ------------
2026-01-11 09:42:59 [main] INFO  Log - ---------------Create Playwright instance ------------
2026-01-11 09:43:10 [main] INFO  Log - ---------------Launching Chromium browser with Chrome channel ------------
2026-01-11 09:43:10 [main] INFO  Log - ---------------Browser Screen Size 1920, 1080 opening successfully ------------
2026-01-11 09:43:10 [main] INFO  Log - ---------------Opening new Browser Page/Tab ------------
2026-01-11 09:43:10 [main] INFO  Log - ---------------Create Landing Page Object Successfullay ------------
2026-01-11 09:43:10 [main] INFO  Log - --------- open landing page sucessfullay ---------
2026-01-11 09:43:15 [main] INFO  Log - ---------------Close Playwright instance Successfullay ------------
2026-01-11 09:57:19 [main] INFO  Log - ---------------Create Playwright instance ------------
2026-01-11 09:57:30 [main] INFO  Log - ---------------Launching Chromium browser with Chrome channel ------------
2026-01-11 09:57:30 [main] INFO  Log - ---------------Browser Screen Size 1920, 1080 opening successfully ------------
2026-01-11 09:57:30 [main] INFO  Log - ---------------Opening new Browser Page/Tab ------------
2026-01-11 09:57:30 [main] INFO  Log - ---------------Create Landing Page Object Successfullay ------------
2026-01-11 09:57:30 [main] INFO  Log - --------- open landing page sucessfullay ---------
2026-01-11 10:01:26 [main] INFO  Log - ---------------Create Playwright instance ------------
2026-01-11 10:01:34 [main] INFO  Log - ---------------Launching Chromium browser with Chrome channel ------------
2026-01-11 10:01:34 [main] INFO  Log - ---------------Browser Screen Size 1920, 1080 opening successfully ------------
2026-01-11 10:01:34 [main] INFO  Log - ---------------Opening new Browser Page/Tab ------------
2026-01-11 10:01:34 [main] INFO  Log - ---------------Create Landing Page Object Successfullay ------------
2026-01-11 10:01:34 [main] INFO  Log - --------- open landing page sucessfullay ---------
2026-01-11 10:08:14 [main] INFO  Log - ---------------Create Playwright instance ------------
2026-01-11 10:08:22 [main] INFO  Log - ---------------Launching Chromium browser with Chrome channel ------------
2026-01-11 10:08:22 [main] INFO  Log - ---------------Browser Screen Size 1920, 1080 opening successfully ------------
2026-01-11 10:08:22 [main] INFO  Log - ---------------Opening new Browser Page/Tab ------------
2026-01-11 10:08:22 [main] INFO  Log - ---------------Create Landing Page Object Successfullay ------------
2026-01-11 10:08:22 [main] INFO  Log - --------- open landing page sucessfullay ---------
2026-01-11 10:23:02 [main] INFO  Log - ---------------Create Playwright instance ------------
2026-01-11 10:23:10 [main] INFO  Log - ---------------Launching Chromium browser with Chrome channel ------------
2026-01-11 10:23:11 [main] INFO  Log - ---------------Browser Screen Size 1920, 1080 opening successfully ------------
2026-01-11 10:23:11 [main] INFO  Log - ---------------Opening new Browser Page/Tab ------------
2026-01-11 10:23:11 [main] INFO  Log - ---------------Create Landing Page Object Successfullay ------------
2026-01-11 10:23:11 [main] INFO  Log - --------- open landing page sucessfullay ---------
2026-01-11 10:25:31 [main] INFO  Log - ---------------Create Playwright instance ------------
2026-01-11 10:25:38 [main] INFO  Log - ---------------Launching Chromium browser with Chrome channel ------------
2026-01-11 10:25:39 [main] INFO  Log - ---------------Browser Screen Size 1920, 1080 opening successfully ------------
2026-01-11 10:25:39 [main] INFO  Log - ---------------Opening new Browser Page/Tab ------------
2026-01-11 10:25:39 [main] INFO  Log - ---------------Create Landing Page Object Successfullay ------------
2026-01-11 10:25:39 [main] INFO  Log - --------- open landing page sucessfullay ---------
2026-01-11 12:42:33 [main] INFO  Log - ---------------Create Playwright instance ------------
2026-01-11 12:42:41 [main] INFO  Log - ---------------Launching Chromium browser with Chrome channel ------------
2026-01-11 12:42:42 [main] INFO  Log - ---------------Browser Screen Size 1920, 1080 opening successfully ------------
2026-01-11 12:42:42 [main] INFO  Log - ---------------Opening new Browser Page/Tab ------------
2026-01-11 12:42:42 [main] INFO  Log - ---------------Create Landing Page Object Successfullay ------------
2026-01-11 12:42:42 [main] INFO  Log - --------- open landing page sucessfullay ---------
2026-01-11 12:44:26 [main] INFO  Log - ---------------Create Playwright instance ------------
2026-01-11 12:44:26 [main] INFO  Log - ---------------Create Playwright instance ------------
2026-01-11 12:44:26 [main] INFO  Log - ---------------Create Playwright instance ------------
2026-01-11 12:44:37 [main] INFO  Log - ---------------Launching Chromium browser with Chrome channel ------------
2026-01-11 12:44:37 [main] INFO  Log - ---------------Browser Screen Size 1920, 1080 opening successfully ------------
2026-01-11 12:44:37 [main] INFO  Log - ---------------Opening new Browser Page/Tab ------------
2026-01-11 12:44:37 [main] INFO  Log - ---------------Create Landing Page Object Successfullay ------------
2026-01-11 12:44:37 [main] INFO  Log - --------- open landing page sucessfullay ---------
2026-01-11 12:44:38 [main] INFO  Log - ---------------Launching Chromium browser with Chrome channel ------------
2026-01-11 12:44:38 [main] INFO  Log - ---------------Browser Screen Size 1920, 1080 opening successfully ------------
2026-01-11 12:44:38 [main] INFO  Log - ---------------Opening new Browser Page/Tab ------------
2026-01-11 12:44:39 [main] INFO  Log - ---------------Create Landing Page Object Successfullay ------------
2026-01-11 12:44:39 [main] INFO  Log - --------- open landing page sucessfullay ---------
2026-01-11 12:44:40 [main] INFO  Log - ---------------Launching Chromium browser with Chrome channel ------------
2026-01-11 12:44:40 [main] INFO  Log - ---------------Browser Screen Size 1920, 1080 opening successfully ------------
2026-01-11 12:44:41 [main] INFO  Log - ---------------Opening new Browser Page/Tab ------------
2026-01-11 12:44:41 [main] INFO  Log - ---------------Create Landing Page Object Successfullay ------------
2026-01-11 12:44:41 [main] INFO  Log - --------- open landing page sucessfullay ---------
2026-01-11 12:47:00 [main] INFO  Log - ---------------Create Playwright instance ------------
2026-01-11 12:47:08 [main] INFO  Log - ---------------Launching Chromium browser with Chrome channel ------------
2026-01-11 12:47:08 [main] INFO  Log - ---------------Browser Screen Size 1920, 1080 opening successfully ------------
2026-01-11 12:47:08 [main] INFO  Log - ---------------Opening new Browser Page/Tab ------------
2026-01-11 12:47:08 [main] INFO  Log - ---------------Create Landing Page Object Successfullay ------------
2026-01-11 12:47:08 [main] INFO  Log - --------- open landing page sucessfullay ---------
2026-01-11 13:00:15 [main] INFO  Log - ---------------Create Playwright instance ------------
2026-01-11 13:00:22 [main] INFO  Log - ---------------Launching Chromium browser with Chrome channel ------------
2026-01-11 13:00:23 [main] INFO  Log - ---------------Browser Screen Size 1920, 1080 opening successfully ------------
2026-01-11 13:00:23 [main] INFO  Log - ---------------Opening new Browser Page/Tab ------------
2026-01-11 13:00:23 [main] INFO  Log - ---------------Create Landing Page Object Successfullay ------------
2026-01-11 13:00:23 [main] INFO  Log - --------- open landing page sucessfullay ---------
2026-01-11 13:06:54 [main] INFO  Log - ---------------Create Playwright instance ------------
2026-01-11 13:07:02 [main] INFO  Log - ---------------Launching Chromium browser with Chrome channel ------------
2026-01-11 13:07:02 [main] INFO  Log - ---------------Browser Screen Size 1920, 1080 opening successfully ------------
2026-01-11 13:07:02 [main] INFO  Log - ---------------Opening new Browser Page/Tab ------------
2026-01-11 13:07:02 [main] INFO  Log - ---------------Create Landing Page Object Successfullay ------------
2026-01-11 13:07:02 [main] INFO  Log - --------- open landing page sucessfullay ---------
2026-01-11 13:14:00 [main] INFO  Log - ---------------Create Playwright instance ------------
2026-01-11 13:14:08 [main] INFO  Log - ---------------Launching Chromium browser with Chrome channel ------------
2026-01-11 13:14:08 [main] INFO  Log - ---------------Browser Screen Size 1920, 1080 opening successfully ------------
2026-01-11 13:14:08 [main] INFO  Log - ---------------Opening new Browser Page/Tab ------------
2026-01-11 13:14:08 [main] INFO  Log - ---------------Create Landing Page Object Successfullay ------------
2026-01-11 13:14:08 [main] INFO  Log - --------- open landing page sucessfullay ---------
2026-01-11 13:24:26 [main] INFO  Log - ---------------Create Playwright instance ------------
2026-01-11 13:24:34 [main] INFO  Log - ---------------Launching Chromium browser with Chrome channel ------------
2026-01-11 13:24:34 [main] INFO  Log - ---------------Browser Screen Size 1920, 1080 opening successfully ------------
2026-01-11 13:24:34 [main] INFO  Log - ---------------Opening new Browser Page/Tab ------------
2026-01-11 13:24:34 [main] INFO  Log - ---------------Create Landing Page Object Successfullay ------------
2026-01-11 13:24:34 [main] INFO  Log - --------- open landing page sucessfullay ---------
2026-01-11 13:27:26 [main] INFO  Log - ---------------Create Playwright instance ------------
2026-01-11 13:27:34 [main] INFO  Log - ---------------Launching Chromium browser with Chrome channel ------------
2026-01-11 13:27:34 [main] INFO  Log - ---------------Browser Screen Size 1920, 1080 opening successfully ------------
2026-01-11 13:27:34 [main] INFO  Log - ---------------Opening new Browser Page/Tab ------------
2026-01-11 13:27:34 [main] INFO  Log - ---------------Create Landing Page Object Successfullay ------------
2026-01-11 13:27:34 [main] INFO  Log - --------- open landing page sucessfullay ---------
2026-01-11 14:59:04 [main] INFO  Log - ---------------Create Playwright instance ------------
2026-01-11 14:59:12 [main] INFO  Log - ---------------Launching Chromium browser with Chrome channel ------------
2026-01-11 14:59:13 [main] INFO  Log - ---------------Browser Screen Size 1920, 1080 opening successfully ------------
2026-01-11 14:59:13 [main] INFO  Log - ---------------Opening new Browser Page/Tab ------------
2026-01-11 14:59:13 [main] INFO  Log - ---------------Create Landing Page Object Successfullay ------------
2026-01-11 14:59:13 [main] INFO  Log - --------- open landing page sucessfullay ---------
2026-01-11 15:04:46 [main] INFO  Log - ---------------Create Playwright instance ------------
2026-01-11 15:04:54 [main] INFO  Log - ---------------Launching Chromium browser with Chrome channel ------------
2026-01-11 15:04:54 [main] INFO  Log - ---------------Browser Screen Size 1920, 1080 opening successfully ------------
2026-01-11 15:04:54 [main] INFO  Log - ---------------Opening new Browser Page/Tab ------------
2026-01-11 15:04:54 [main] INFO  Log - ---------------Create Landing Page Object Successfullay ------------
2026-01-11 15:04:54 [main] INFO  Log - --------- open landing page sucessfullay ---------
2026-01-11 15:11:29 [main] INFO  Log - ---------------Create Playwright instance ------------
2026-01-11 15:11:37 [main] INFO  Log - ---------------Launching Chromium browser with Chrome channel ------------
2026-01-11 15:11:37 [main] INFO  Log - ---------------Browser Screen Size 1920, 1080 opening successfully ------------
2026-01-11 15:11:37 [main] INFO  Log - ---------------Opening new Browser Page/Tab ------------
2026-01-11 15:11:37 [main] INFO  Log - ---------------Create Landing Page Object Successfullay ------------
2026-01-11 15:11:37 [main] INFO  Log - --------- open landing page sucessfullay ---------
2026-01-11 17:32:47 [main] INFO  Log - ---------------Create Playwright instance ------------
2026-01-11 17:32:55 [main] INFO  Log - ---------------Launching Chromium browser with Chrome channel ------------
2026-01-11 17:32:55 [main] INFO  Log - ---------------Browser Screen Size 1920, 1080 opening successfully ------------
2026-01-11 17:32:55 [main] INFO  Log - ---------------Opening new Browser Page/Tab ------------
2026-01-11 17:32:55 [main] INFO  Log - ---------------Create Landing Page Object Successfullay ------------
2026-01-11 17:32:55 [main] INFO  Log - --------- open landing page sucessfullay ---------
2026-01-11 17:34:13 [main] INFO  Log - ---------------Create Playwright instance ------------
2026-01-11 17:34:21 [main] INFO  Log - ---------------Launching Chromium browser with Chrome channel ------------
2026-01-11 17:34:22 [main] INFO  Log - ---------------Browser Screen Size 1920, 1080 opening successfully ------------
2026-01-11 17:34:22 [main] INFO  Log - ---------------Opening new Browser Page/Tab ------------
2026-01-11 17:34:22 [main] INFO  Log - ---------------Create Landing Page Object Successfullay ------------
2026-01-11 17:34:22 [main] INFO  Log - --------- open landing page sucessfullay ---------
2026-01-11 21:11:18 [main] INFO  Log - ---------------Create Playwright instance ------------
2026-01-11 21:11:26 [main] INFO  Log - ---------------Launching Chromium browser with Chrome channel ------------
2026-01-11 21:11:26 [main] INFO  Log - ---------------Browser Screen Size 1920, 1080 opening successfully ------------
2026-01-11 21:11:27 [main] INFO  Log - ---------------Opening new Browser Page/Tab ------------
2026-01-11 21:11:27 [main] INFO  Log - ---------------Create Landing Page Object Successfullay ------------
2026-01-11 21:11:27 [main] INFO  Log - --------- open landing page sucessfullay ---------
2026-01-11 21:12:23 [main] INFO  Log - ---------------Create Playwright instance ------------
2026-01-11 21:12:30 [main] INFO  Log - ---------------Launching Chromium browser with Chrome channel ------------
2026-01-11 21:12:31 [main] INFO  Log - ---------------Browser Screen Size 1920, 1080 opening successfully ------------
2026-01-11 21:12:31 [main] INFO  Log - ---------------Opening new Browser Page/Tab ------------
2026-01-11 21:12:31 [main] INFO  Log - ---------------Create Landing Page Object Successfullay ------------
2026-01-11 21:12:31 [main] INFO  Log - --------- open landing page sucessfullay ---------
2026-01-11 21:16:11 [main] INFO  Log - ---------------Create Playwright instance ------------
2026-01-11 21:16:19 [main] INFO  Log - ---------------Launching Chromium browser with Chrome channel ------------
2026-01-11 21:16:19 [main] INFO  Log - ---------------Browser Screen Size 1920, 1080 opening successfully ------------
2026-01-11 21:16:19 [main] INFO  Log - ---------------Opening new Browser Page/Tab ------------
2026-01-11 21:16:19 [main] INFO  Log - ---------------Create Landing Page Object Successfullay ------------
2026-01-11 21:16:19 [main] INFO  Log - --------- open landing page sucessfullay ---------
2026-01-11 21:18:43 [main] INFO  Log - ---------------Create Playwright instance ------------
2026-01-11 21:18:50 [main] INFO  Log - ---------------Launching Chromium browser with Chrome channel ------------
2026-01-11 21:18:50 [main] INFO  Log - ---------------Browser Screen Size 1920, 1080 opening successfully ------------
2026-01-11 21:18:50 [main] INFO  Log - ---------------Opening new Browser Page/Tab ------------
2026-01-11 21:18:51 [main] INFO  Log - ---------------Create Landing Page Object Successfullay ------------
2026-01-11 21:18:51 [main] INFO  Log - --------- open landing page sucessfullay ---------
2026-01-11 22:30:45 [main] INFO  Log - ---------------Create Playwright instance ------------
2026-01-11 22:30:56 [main] INFO  Log - ---------------Launching Chromium browser with Chrome channel ------------
2026-01-11 22:30:56 [main] INFO  Log - ---------------Browser Screen Size 1920, 1080 opening successfully ------------
2026-01-11 22:30:56 [main] INFO  Log - ---------------Opening new Browser Page/Tab ------------
2026-01-11 22:30:56 [main] INFO  Log - ---------------Create Landing Page Object Successfullay ------------
2026-01-11 22:30:56 [main] INFO  Log - --------- open landing page sucessfullay ---------
2026-01-11 22:31:23 [main] INFO  Log - ---------------Create Playwright instance ------------
2026-01-11 22:31:31 [main] INFO  Log - ---------------Launching Chromium browser with Chrome channel ------------
2026-01-11 22:31:31 [main] INFO  Log - ---------------Browser Screen Size 1920, 1080 opening successfully ------------
2026-01-11 22:31:31 [main] INFO  Log - ---------------Opening new Browser Page/Tab ------------
2026-01-11 22:31:31 [main] INFO  Log - ---------------Create Landing Page Object Successfullay ------------
2026-01-11 22:31:31 [main] INFO  Log - --------- open landing page sucessfullay ---------
2026-01-11 22:36:37 [main] INFO  Log - ---------------Create Playwright instance ------------
2026-01-11 22:36:45 [main] INFO  Log - ---------------Launching Chromium browser with Chrome channel ------------
2026-01-11 22:36:45 [main] INFO  Log - ---------------Browser Screen Size 1920, 1080 opening successfully ------------
2026-01-11 22:36:45 [main] INFO  Log - ---------------Opening new Browser Page/Tab ------------
2026-01-11 22:36:46 [main] INFO  Log - ---------------Create Landing Page Object Successfullay ------------
2026-01-11 22:36:46 [main] INFO  Log - --------- open landing page sucessfullay ---------
2026-01-11 22:46:45 [main] INFO  Log - ---------------Create Playwright instance ------------
2026-01-11 22:46:53 [main] INFO  Log - ---------------Launching Chromium browser with Chrome channel ------------
2026-01-11 22:46:53 [main] INFO  Log - ---------------Browser Screen Size 1920, 1080 opening successfully ------------
2026-01-11 22:46:53 [main] INFO  Log - ---------------Opening new Browser Page/Tab ------------
2026-01-11 22:46:53 [main] INFO  Log - ---------------Create Landing Page Object Successfullay ------------
2026-01-11 22:46:53 [main] INFO  Log - --------- open landing page sucessfullay ---------
2026-01-11 22:56:57 [main] INFO  Log - ---------------Create Playwright instance ------------
2026-01-11 22:57:05 [main] INFO  Log - ---------------Launching Chromium browser with Chrome channel ------------
2026-01-11 22:57:05 [main] INFO  Log - ---------------Browser Screen Size 1920, 1080 opening successfully ------------
2026-01-11 22:57:05 [main] INFO  Log - ---------------Opening new Browser Page/Tab ------------
2026-01-11 22:57:05 [main] INFO  Log - ---------------Create Landing Page Object Successfullay ------------
2026-01-11 22:57:05 [main] INFO  Log - --------- open landing page sucessfullay ---------
2026-01-11 23:00:14 [main] INFO  Log - ---------------Create Playwright instance ------------
2026-01-11 23:00:22 [main] INFO  Log - ---------------Launching Chromium browser with Chrome channel ------------
2026-01-11 23:00:22 [main] INFO  Log - ---------------Browser Screen Size 1920, 1080 opening successfully ------------
2026-01-11 23:00:22 [main] INFO  Log - ---------------Opening new Browser Page/Tab ------------
2026-01-11 23:00:22 [main] INFO  Log - ---------------Create Landing Page Object Successfullay ------------
2026-01-11 23:00:22 [main] INFO  Log - --------- open landing page sucessfullay ---------
2026-01-11 23:07:23 [main] INFO  Log - ---------------Create Playwright instance ------------
2026-01-11 23:07:31 [main] INFO  Log - ---------------Launching Chromium browser with Chrome channel ------------
2026-01-11 23:07:31 [main] INFO  Log - ---------------Browser Screen Size 1920, 1080 opening successfully ------------
2026-01-11 23:07:31 [main] INFO  Log - ---------------Opening new Browser Page/Tab ------------
2026-01-11 23:07:31 [main] INFO  Log - ---------------Create Landing Page Object Successfullay ------------
2026-01-11 23:07:31 [main] INFO  Log - --------- open landing page sucessfullay ---------
2026-01-11 23:13:47 [main] INFO  Log - ---------------Create Playwright instance ------------
2026-01-11 23:13:55 [main] INFO  Log - ---------------Launching Chromium browser with Chrome channel ------------
2026-01-11 23:13:55 [main] INFO  Log - ---------------Browser Screen Size 1920, 1080 opening successfully ------------
2026-01-11 23:13:55 [main] INFO  Log - ---------------Opening new Browser Page/Tab ------------
2026-01-11 23:13:56 [main] INFO  Log - ---------------Create Landing Page Object Successfullay ------------
2026-01-11 23:13:56 [main] INFO  Log - --------- open landing page sucessfullay ---------
2026-01-11 23:14:32 [main] INFO  Log - ---------------Create Playwright instance ------------
2026-01-11 23:14:40 [main] INFO  Log - ---------------Launching Chromium browser with Chrome channel ------------
2026-01-11 23:14:40 [main] INFO  Log - ---------------Browser Screen Size 1920, 1080 opening successfully ------------
2026-01-11 23:14:40 [main] INFO  Log - ---------------Opening new Browser Page/Tab ------------
2026-01-11 23:14:40 [main] INFO  Log - ---------------Create Landing Page Object Successfullay ------------
2026-01-11 23:14:40 [main] INFO  Log - --------- open landing page sucessfullay ---------
2026-01-11 23:18:37 [main] INFO  Log - ---------------Create Playwright instance ------------
2026-01-11 23:18:45 [main] INFO  Log - ---------------Launching Chromium browser with Chrome channel ------------
2026-01-11 23:18:45 [main] INFO  Log - ---------------Browser Screen Size 1920, 1080 opening successfully ------------
2026-01-11 23:18:45 [main] INFO  Log - ---------------Opening new Browser Page/Tab ------------
2026-01-11 23:18:45 [main] INFO  Log - ---------------Create Landing Page Object Successfullay ------------
2026-01-11 23:18:45 [main] INFO  Log - --------- open landing page sucessfullay ---------
2026-01-12 09:19:25 [main] INFO  Log - ---------------Create Playwright instance ------------
2026-01-12 09:19:35 [main] INFO  Log - ---------------Launching Chromium browser with Chrome channel ------------
2026-01-12 09:19:35 [main] INFO  Log - ---------------Browser Screen Size 1920, 1080 opening successfully ------------
2026-01-12 09:19:35 [main] INFO  Log - ---------------Opening new Browser Page/Tab ------------
2026-01-12 09:19:36 [main] INFO  Log - ---------------Create Landing Page Object Successfullay ------------
2026-01-12 09:19:36 [main] INFO  Log - --------- open landing page sucessfullay ---------
2026-01-12 09:22:50 [main] INFO  Log - ---------------Create Playwright instance ------------
2026-01-12 09:22:58 [main] INFO  Log - ---------------Launching Chromium browser with Chrome channel ------------
2026-01-12 09:22:58 [main] INFO  Log - ---------------Browser Screen Size 1920, 1080 opening successfully ------------
2026-01-12 09:22:58 [main] INFO  Log - ---------------Opening new Browser Page/Tab ------------
2026-01-12 09:22:59 [main] INFO  Log - ---------------Create Landing Page Object Successfullay ------------
2026-01-12 09:22:59 [main] INFO  Log - --------- open landing page sucessfullay ---------
2026-01-12 10:19:07 [main] INFO  Log - ---------------Create Playwright instance ------------
2026-01-12 10:19:18 [main] INFO  Log - ---------------Launching Chromium browser with Chrome channel ------------
2026-01-12 10:19:18 [main] INFO  Log - ---------------Browser Screen Size 1920, 1080 opening successfully ------------
2026-01-12 10:19:18 [main] INFO  Log - ---------------Opening new Browser Page/Tab ------------
2026-01-12 10:19:18 [main] INFO  Log - ---------------Create Landing Page Object Successfullay ------------
2026-01-12 10:19:18 [main] INFO  Log - --------- open landing page sucessfullay ---------
2026-01-12 10:20:07 [main] INFO  Log - ---------------Create Playwright instance ------------
2026-01-12 10:20:15 [main] INFO  Log - ---------------Launching Chromium browser with Chrome channel ------------
2026-01-12 10:20:15 [main] INFO  Log - ---------------Browser Screen Size 1920, 1080 opening successfully ------------
2026-01-12 10:20:15 [main] INFO  Log - ---------------Opening new Browser Page/Tab ------------
2026-01-12 10:20:15 [main] INFO  Log - ---------------Create Landing Page Object Successfullay ------------
2026-01-12 10:20:15 [main] INFO  Log - --------- open landing page sucessfullay ---------
2026-01-12 10:37:41 [main] INFO  Log - ---------------Create Playwright instance ------------
2026-01-12 10:37:49 [main] INFO  Log - ---------------Launching Chromium browser with Chrome channel ------------
2026-01-12 10:37:49 [main] INFO  Log - ---------------Browser Screen Size 1920, 1080 opening successfully ------------
2026-01-12 10:37:49 [main] INFO  Log - ---------------Opening new Browser Page/Tab ------------
2026-01-12 10:37:49 [main] INFO  Log - ---------------Create Landing Page Object Successfullay ------------
2026-01-12 10:37:49 [main] INFO  Log - --------- open landing page sucessfullay ---------
2026-01-12 10:54:22 [main] INFO  Log - ---------------Create Playwright instance ------------
2026-01-12 10:54:30 [main] INFO  Log - ---------------Launching Chromium browser with Chrome channel ------------
2026-01-12 10:54:30 [main] INFO  Log - ---------------Browser Screen Size 1920, 1080 opening successfully ------------
2026-01-12 10:54:30 [main] INFO  Log - ---------------Opening new Browser Page/Tab ------------
2026-01-12 10:54:31 [main] INFO  Log - ---------------Create Landing Page Object Successfullay ------------
2026-01-12 10:54:31 [main] INFO  Log - --------- open landing page sucessfullay ---------
2026-01-12 10:58:56 [main] INFO  Log - ---------------Create Playwright instance ------------
2026-01-12 10:59:04 [main] INFO  Log - ---------------Launching Chromium browser with Chrome channel ------------
2026-01-12 10:59:05 [main] INFO  Log - ---------------Browser Screen Size 1920, 1080 opening successfully ------------
2026-01-12 10:59:05 [main] INFO  Log - ---------------Opening new Browser Page/Tab ------------
2026-01-12 10:59:05 [main] INFO  Log - ---------------Create Landing Page Object Successfullay ------------
2026-01-12 10:59:05 [main] INFO  Log - --------- open landing page sucessfullay ---------
2026-01-12 11:23:50 [main] INFO  Log - ---------------Create Playwright instance ------------
2026-01-12 11:23:57 [main] INFO  Log - ---------------Launching Chromium browser with Chrome channel ------------
2026-01-12 11:23:58 [main] INFO  Log - ---------------Browser Screen Size 1920, 1080 opening successfully ------------
2026-01-12 11:23:58 [main] INFO  Log - ---------------Opening new Browser Page/Tab ------------
2026-01-12 11:23:58 [main] INFO  Log - ---------------Create Landing Page Object Successfullay ------------
2026-01-12 11:23:58 [main] INFO  Log - --------- open landing page sucessfullay ---------
2026-01-12 11:24:21 [main] INFO  Log - ---------------Create Playwright instance ------------
2026-01-12 11:24:29 [main] INFO  Log - ---------------Launching Chromium browser with Chrome channel ------------
2026-01-12 11:24:29 [main] INFO  Log - ---------------Browser Screen Size 1920, 1080 opening successfully ------------
2026-01-12 11:24:29 [main] INFO  Log - ---------------Opening new Browser Page/Tab ------------
2026-01-12 11:24:29 [main] INFO  Log - ---------------Create Landing Page Object Successfullay ------------
2026-01-12 11:24:29 [main] INFO  Log - --------- open landing page sucessfullay ---------
2026-01-12 11:27:52 [main] INFO  Log - ---------------Create Playwright instance ------------
2026-01-12 11:28:00 [main] INFO  Log - ---------------Launching Chromium browser with Chrome channel ------------
2026-01-12 11:28:00 [main] INFO  Log - ---------------Browser Screen Size 1920, 1080 opening successfully ------------
2026-01-12 11:28:00 [main] INFO  Log - ---------------Opening new Browser Page/Tab ------------
2026-01-12 11:28:00 [main] INFO  Log - ---------------Create Landing Page Object Successfullay ------------
2026-01-12 11:28:00 [main] INFO  Log - --------- open landing page sucessfullay ---------
2026-01-12 12:59:56 [main] INFO  Log - ---------------Create Playwright instance ------------
2026-01-12 13:00:05 [main] INFO  Log - ---------------Launching Chromium browser with Chrome channel ------------
2026-01-12 13:00:05 [main] INFO  Log - ---------------Browser Screen Size 1920, 1080 opening successfully ------------
2026-01-12 13:00:05 [main] INFO  Log - ---------------Opening new Browser Page/Tab ------------
2026-01-12 13:00:05 [main] INFO  Log - ---------------Create Landing Page Object Successfullay ------------
2026-01-12 13:00:05 [main] INFO  Log - --------- open landing page sucessfullay ---------
2026-01-12 13:02:02 [main] INFO  Log - ---------------Create Playwright instance ------------
2026-01-12 13:02:10 [main] INFO  Log - ---------------Launching Chromium browser with Chrome channel ------------
2026-01-12 13:02:10 [main] INFO  Log - ---------------Browser Screen Size 1920, 1080 opening successfully ------------
2026-01-12 13:02:10 [main] INFO  Log - ---------------Opening new Browser Page/Tab ------------
2026-01-12 13:02:10 [main] INFO  Log - ---------------Create Landing Page Object Successfullay ------------
2026-01-12 13:02:10 [main] INFO  Log - --------- open landing page sucessfullay ---------
2026-01-12 15:43:05 [main] INFO  Log - ---------------Create Playwright instance ------------
2026-01-12 15:43:13 [main] INFO  Log - ---------------Launching Chromium browser with Chrome channel ------------
2026-01-12 15:43:14 [main] INFO  Log - ---------------Browser Screen Size 1920, 1080 opening successfully ------------
2026-01-12 15:43:14 [main] INFO  Log - ---------------Opening new Browser Page/Tab ------------
2026-01-12 15:43:14 [main] INFO  Log - ---------------Create Landing Page Object Successfullay ------------
2026-01-12 15:43:14 [main] INFO  Log - --------- open landing page sucessfullay ---------
2026-01-12 15:43:42 [main] INFO  Log - ---------------Create Playwright instance ------------
2026-01-12 15:43:50 [main] INFO  Log - ---------------Launching Chromium browser with Chrome channel ------------
2026-01-12 15:43:50 [main] INFO  Log - ---------------Browser Screen Size 1920, 1080 opening successfully ------------
2026-01-12 15:43:50 [main] INFO  Log - ---------------Opening new Browser Page/Tab ------------
2026-01-12 15:43:50 [main] INFO  Log - ---------------Create Landing Page Object Successfullay ------------
2026-01-12 15:43:50 [main] INFO  Log - --------- open landing page sucessfullay ---------
2026-01-12 15:44:31 [main] INFO  Log - ---------------Create Playwright instance ------------
2026-01-12 15:44:39 [main] INFO  Log - ---------------Launching Chromium browser with Chrome channel ------------
2026-01-12 15:44:39 [main] INFO  Log - ---------------Browser Screen Size 1920, 1080 opening successfully ------------
2026-01-12 15:44:39 [main] INFO  Log - ---------------Opening new Browser Page/Tab ------------
2026-01-12 15:44:40 [main] INFO  Log - ---------------Create Landing Page Object Successfullay ------------
2026-01-12 15:44:40 [main] INFO  Log - --------- open landing page sucessfullay ---------
2026-01-12 15:45:17 [main] INFO  Log - ---------------Create Playwright instance ------------
2026-01-12 15:45:25 [main] INFO  Log - ---------------Launching Chromium browser with Chrome channel ------------
2026-01-12 15:45:26 [main] INFO  Log - ---------------Browser Screen Size 1920, 1080 opening successfully ------------
2026-01-12 15:45:26 [main] INFO  Log - ---------------Opening new Browser Page/Tab ------------
2026-01-12 15:45:26 [main] INFO  Log - ---------------Create Landing Page Object Successfullay ------------
2026-01-12 15:45:26 [main] INFO  Log - --------- open landing page sucessfullay ---------
2026-01-12 15:48:09 [main] INFO  Log - ---------------Create Playwright instance ------------
2026-01-12 15:48:16 [main] INFO  Log - ---------------Launching Chromium browser with Chrome channel ------------
2026-01-12 15:48:17 [main] INFO  Log - ---------------Browser Screen Size 1920, 1080 opening successfully ------------
2026-01-12 15:48:17 [main] INFO  Log - ---------------Opening new Browser Page/Tab ------------
2026-01-12 15:48:17 [main] INFO  Log - ---------------Create Landing Page Object Successfullay ------------
2026-01-12 15:48:17 [main] INFO  Log - --------- open landing page sucessfullay ---------
2026-01-12 16:09:30 [main] INFO  Log - ---------------Create Playwright instance ------------
2026-01-12 16:09:38 [main] INFO  Log - ---------------Launching Chromium browser with Chrome channel ------------
2026-01-12 16:09:38 [main] INFO  Log - ---------------Browser Screen Size 1920, 1080 opening successfully ------------
2026-01-12 16:09:38 [main] INFO  Log - ---------------Opening new Browser Page/Tab ------------
2026-01-12 16:09:38 [main] INFO  Log - ---------------Create Landing Page Object Successfullay ------------
2026-01-12 16:09:38 [main] INFO  Log - --------- open landing page sucessfullay ---------
2026-01-12 16:10:15 [main] INFO  Log - ---------------Create Playwright instance ------------
2026-01-12 16:10:23 [main] INFO  Log - ---------------Launching Chromium browser with Chrome channel ------------
2026-01-12 16:10:23 [main] INFO  Log - ---------------Browser Screen Size 1920, 1080 opening successfully ------------
2026-01-12 16:10:23 [main] INFO  Log - ---------------Opening new Browser Page/Tab ------------
2026-01-12 16:10:23 [main] INFO  Log - ---------------Create Landing Page Object Successfullay ------------
2026-01-12 16:10:23 [main] INFO  Log - --------- open landing page sucessfullay ---------
2026-01-12 17:16:52 [main] INFO  Log - ---------------Create Playwright instance ------------
2026-01-12 17:17:00 [main] INFO  Log - ---------------Launching Chromium browser with Chrome channel ------------
2026-01-12 17:17:01 [main] INFO  Log - ---------------Browser Screen Size 1920, 1080 opening successfully ------------
2026-01-12 17:17:01 [main] INFO  Log - ---------------Opening new Browser Page/Tab ------------
2026-01-12 17:17:01 [main] INFO  Log - ---------------Create Landing Page Object Successfullay ------------
2026-01-12 17:17:01 [main] INFO  Log - --------- open landing page sucessfullay ---------
2026-01-12 17:17:37 [main] INFO  Log - ---------------Create Playwright instance ------------
2026-01-12 17:17:45 [main] INFO  Log - ---------------Launching Chromium browser with Chrome channel ------------
2026-01-12 17:17:45 [main] INFO  Log - ---------------Browser Screen Size 1920, 1080 opening successfully ------------
2026-01-12 17:17:45 [main] INFO  Log - ---------------Opening new Browser Page/Tab ------------
2026-01-12 17:17:45 [main] INFO  Log - ---------------Create Landing Page Object Successfullay ------------
2026-01-12 17:17:45 [main] INFO  Log - --------- open landing page sucessfullay ---------
2026-01-13 13:18:48 [main] INFO  Log - ---------------Create Playwright instance ------------
2026-01-13 13:19:00 [main] INFO  Log - ---------------Launching Chromium browser with Chrome channel ------------
2026-01-13 13:19:00 [main] INFO  Log - ---------------Browser Screen Size 1920, 1080 opening successfully ------------
2026-01-13 13:19:00 [main] INFO  Log - ---------------Opening new Browser Page/Tab ------------
2026-01-13 13:19:01 [main] INFO  Log - ---------------Create Landing Page Object Successfullay ------------
2026-01-13 13:19:01 [main] INFO  Log - --------- open landing page sucessfullay ---------
2026-01-13 13:20:03 [main] INFO  Log - ---------------Create Playwright instance ------------
2026-01-13 13:20:08 [main] INFO  Log - ---------------Launching Chromium browser with Chrome channel ------------
2026-01-13 13:20:08 [main] INFO  Log - ---------------Browser Screen Size 1920, 1080 opening successfully ------------
2026-01-13 13:20:08 [main] INFO  Log - ---------------Opening new Browser Page/Tab ------------
2026-01-13 13:20:08 [main] INFO  Log - ---------------Create Landing Page Object Successfullay ------------
2026-01-13 13:20:08 [main] INFO  Log - --------- open landing page sucessfullay ---------
2026-01-13 13:51:48 [main] INFO  Log - ---------------Create Playwright instance ------------
2026-01-13 13:51:54 [main] INFO  Log - ---------------Launching Chromium browser with Chrome channel ------------
2026-01-13 13:51:54 [main] INFO  Log - ---------------Browser Screen Size 1920, 1080 opening successfully ------------
2026-01-13 13:51:54 [main] INFO  Log - ---------------Opening new Browser Page/Tab ------------
2026-01-13 13:51:54 [main] INFO  Log - ---------------Create Landing Page Object Successfullay ------------
2026-01-13 13:51:54 [main] INFO  Log - --------- open landing page sucessfullay ---------
2026-01-13 13:55:45 [main] INFO  Log - ---------------Create Playwright instance ------------
2026-01-13 13:55:51 [main] INFO  Log - ---------------Launching Chromium browser with Chrome channel ------------
2026-01-13 13:55:51 [main] INFO  Log - ---------------Browser Screen Size 1920, 1080 opening successfully ------------
2026-01-13 13:55:51 [main] INFO  Log - ---------------Opening new Browser Page/Tab ------------
2026-01-13 13:55:51 [main] INFO  Log - ---------------Create Landing Page Object Successfullay ------------
2026-01-13 13:55:51 [main] INFO  Log - --------- open landing page sucessfullay ---------
2026-01-13 14:50:29 [main] INFO  Log - ---------------Create Playwright instance ------------
2026-01-13 14:50:34 [main] INFO  Log - ---------------Launching Chromium browser with Chrome channel ------------
2026-01-13 14:50:34 [main] INFO  Log - ---------------Browser Screen Size 1920, 1080 opening successfully ------------
2026-01-13 14:50:35 [main] INFO  Log - ---------------Opening new Browser Page/Tab ------------
2026-01-13 14:50:35 [main] INFO  Log - ---------------Create Landing Page Object Successfullay ------------
2026-01-13 14:50:35 [main] INFO  Log - --------- open landing page sucessfullay ---------
2026-01-13 15:05:02 [main] INFO  Log - ---------------Create Playwright instance ------------
2026-01-13 15:05:07 [main] INFO  Log - ---------------Launching Chromium browser with Chrome channel ------------
2026-01-13 15:05:07 [main] INFO  Log - ---------------Browser Screen Size 1920, 1080 opening successfully ------------
2026-01-13 15:05:07 [main] INFO  Log - ---------------Opening new Browser Page/Tab ------------
2026-01-13 15:05:07 [main] INFO  Log - ---------------Create Landing Page Object Successfullay ------------
2026-01-13 15:05:07 [main] INFO  Log - --------- open landing page sucessfullay ---------
2026-01-13 15:05:32 [main] INFO  Log - ---------------Create Playwright instance ------------
2026-01-13 15:05:37 [main] INFO  Log - ---------------Launching Chromium browser with Chrome channel ------------
2026-01-13 15:05:37 [main] INFO  Log - ---------------Browser Screen Size 1920, 1080 opening successfully ------------
2026-01-13 15:05:37 [main] INFO  Log - ---------------Opening new Browser Page/Tab ------------
2026-01-13 15:05:37 [main] INFO  Log - ---------------Create Landing Page Object Successfullay ------------
2026-01-13 15:05:37 [main] INFO  Log - --------- open landing page sucessfullay ---------
2026-01-13 15:09:41 [main] INFO  Log - ---------------Create Playwright instance ------------
2026-01-13 15:09:46 [main] INFO  Log - ---------------Launching Chromium browser with Chrome channel ------------
2026-01-13 15:09:46 [main] INFO  Log - ---------------Browser Screen Size 1920, 1080 opening successfully ------------
2026-01-13 15:09:46 [main] INFO  Log - ---------------Opening new Browser Page/Tab ------------
2026-01-13 15:09:46 [main] INFO  Log - ---------------Create Landing Page Object Successfullay ------------
2026-01-13 15:09:46 [main] INFO  Log - --------- open landing page sucessfullay ---------
2026-01-13 15:12:03 [main] INFO  Log - ---------------Create Playwright instance ------------
2026-01-13 15:12:08 [main] INFO  Log - ---------------Launching Chromium browser with Chrome channel ------------
2026-01-13 15:12:08 [main] INFO  Log - ---------------Browser Screen Size 1920, 1080 opening successfully ------------
2026-01-13 15:12:08 [main] INFO  Log - ---------------Opening new Browser Page/Tab ------------
2026-01-13 15:12:08 [main] INFO  Log - ---------------Create Landing Page Object Successfullay ------------
2026-01-13 15:12:08 [main] INFO  Log - --------- open landing page sucessfullay ---------
2026-01-13 15:14:14 [main] INFO  Log - ---------------Create Playwright instance ------------
2026-01-13 15:14:19 [main] INFO  Log - ---------------Launching Chromium browser with Chrome channel ------------
2026-01-13 15:14:19 [main] INFO  Log - ---------------Browser Screen Size 1920, 1080 opening successfully ------------
2026-01-13 15:14:19 [main] INFO  Log - ---------------Opening new Browser Page/Tab ------------
2026-01-13 15:14:19 [main] INFO  Log - ---------------Create Landing Page Object Successfullay ------------
2026-01-13 15:14:19 [main] INFO  Log - --------- open landing page sucessfullay ---------
2026-01-13 15:15:17 [main] INFO  Log - ---------------Create Playwright instance ------------
2026-01-13 15:15:23 [main] INFO  Log - ---------------Launching Chromium browser with Chrome channel ------------
2026-01-13 15:15:23 [main] INFO  Log - ---------------Browser Screen Size 1920, 1080 opening successfully ------------
2026-01-13 15:15:23 [main] INFO  Log - ---------------Opening new Browser Page/Tab ------------
2026-01-13 15:15:23 [main] INFO  Log - ---------------Create Landing Page Object Successfullay ------------
2026-01-13 15:15:23 [main] INFO  Log - --------- open landing page sucessfullay ---------
2026-01-13 15:49:54 [main] INFO  Log - ---------------Create Playwright instance ------------
2026-01-13 15:50:03 [main] INFO  Log - ---------------Launching Chromium browser with Chrome channel ------------
2026-01-13 15:50:03 [main] INFO  Log - ---------------Browser Screen Size 1920, 1080 opening successfully ------------
2026-01-13 15:50:03 [main] INFO  Log - ---------------Opening new Browser Page/Tab ------------
2026-01-13 15:50:03 [main] INFO  Log - ---------------Create Landing Page Object Successfullay ------------
2026-01-13 15:50:03 [main] INFO  Log - --------- open landing page sucessfullay ---------
2026-01-13 16:02:28 [main] INFO  Log - ---------------Create Playwright instance ------------
2026-01-13 16:02:33 [main] INFO  Log - ---------------Launching Chromium browser with Chrome channel ------------
2026-01-13 16:02:33 [main] INFO  Log - ---------------Browser Screen Size 1920, 1080 opening successfully ------------
2026-01-13 16:02:33 [main] INFO  Log - ---------------Opening new Browser Page/Tab ------------
2026-01-13 16:02:34 [main] INFO  Log - ---------------Create Landing Page Object Successfullay ------------
2026-01-13 16:02:34 [main] INFO  Log - --------- open landing page sucessfullay ---------
2026-01-13 16:16:03 [main] INFO  Log - ---------------Create Playwright instance ------------
2026-01-13 16:16:09 [main] INFO  Log - ---------------Launching Chromium browser with Chrome channel ------------
2026-01-13 16:16:09 [main] INFO  Log - ---------------Browser Screen Size 1920, 1080 opening successfully ------------
2026-01-13 16:16:09 [main] INFO  Log - ---------------Opening new Browser Page/Tab ------------
2026-01-13 16:16:09 [main] INFO  Log - ---------------Create Landing Page Object Successfullay ------------
2026-01-13 16:16:09 [main] INFO  Log - --------- open landing page sucessfullay ---------
2026-01-13 16:21:04 [main] INFO  Log - ---------------Create Playwright instance ------------
2026-01-13 16:21:09 [main] INFO  Log - ---------------Launching Chromium browser with Chrome channel ------------
2026-01-13 16:21:09 [main] INFO  Log - ---------------Browser Screen Size 1920, 1080 opening successfully ------------
2026-01-13 16:21:09 [main] INFO  Log - ---------------Opening new Browser Page/Tab ------------
2026-01-13 16:21:09 [main] INFO  Log - ---------------Create Landing Page Object Successfullay ------------
2026-01-13 16:21:09 [main] INFO  Log - --------- open landing page sucessfullay ---------
2026-01-13 16:22:07 [main] INFO  Log - ---------------Create Playwright instance ------------
2026-01-13 16:22:12 [main] INFO  Log - ---------------Launching Chromium browser with Chrome channel ------------
2026-01-13 16:22:13 [main] INFO  Log - ---------------Browser Screen Size 1920, 1080 opening successfully ------------
2026-01-13 16:22:13 [main] INFO  Log - ---------------Opening new Browser Page/Tab ------------
2026-01-13 16:22:13 [main] INFO  Log - ---------------Create Landing Page Object Successfullay ------------
2026-01-13 16:22:13 [main] INFO  Log - --------- open landing page sucessfullay ---------
2026-01-13 17:44:05 [main] INFO  Log - ---------------Create Playwright instance ------------
2026-01-13 17:44:11 [main] INFO  Log - ---------------Launching Chromium browser with Chrome channel ------------
2026-01-13 17:44:11 [main] INFO  Log - ---------------Browser Screen Size 1920, 1080 opening successfully ------------
2026-01-13 17:44:11 [main] INFO  Log - ---------------Opening new Browser Page/Tab ------------
2026-01-13 17:44:12 [main] INFO  Log - ---------------Create Landing Page Object Successfullay ------------
2026-01-13 17:44:12 [main] INFO  Log - --------- open landing page sucessfullay ---------
2026-01-13 17:44:50 [main] INFO  Log - ---------------Create Playwright instance ------------
2026-01-13 17:44:55 [main] INFO  Log - ---------------Launching Chromium browser with Chrome channel ------------
2026-01-13 17:44:55 [main] INFO  Log - ---------------Browser Screen Size 1920, 1080 opening successfully ------------
2026-01-13 17:44:55 [main] INFO  Log - ---------------Opening new Browser Page/Tab ------------
2026-01-13 17:44:56 [main] INFO  Log - ---------------Create Landing Page Object Successfullay ------------
2026-01-13 17:44:56 [main] INFO  Log - --------- open landing page sucessfullay ---------
2026-01-13 17:47:14 [main] INFO  Log - ---------------Create Playwright instance ------------
2026-01-13 17:47:19 [main] INFO  Log - ---------------Launching Chromium browser with Chrome channel ------------
2026-01-13 17:47:20 [main] INFO  Log - ---------------Browser Screen Size 1920, 1080 opening successfully ------------
2026-01-13 17:47:20 [main] INFO  Log - ---------------Opening new Browser Page/Tab ------------
2026-01-13 17:47:20 [main] INFO  Log - ---------------Create Landing Page Object Successfullay ------------
2026-01-13 17:47:20 [main] INFO  Log - --------- open landing page sucessfullay ---------
2026-01-13 17:55:43 [main] INFO  Log - ---------------Create Playwright instance ------------
2026-01-13 17:55:51 [main] INFO  Log - ---------------Launching Chromium browser with Chrome channel ------------
2026-01-13 17:55:52 [main] INFO  Log - ---------------Browser Screen Size 1920, 1080 opening successfully ------------
2026-01-13 17:55:52 [main] INFO  Log - ---------------Opening new Browser Page/Tab ------------
2026-01-13 17:55:52 [main] INFO  Log - ---------------Create Landing Page Object Successfullay ------------
2026-01-13 17:55:52 [main] INFO  Log - --------- open landing page sucessfullay ---------
2026-01-14 13:59:31 [main] INFO  Log - ---------------Create Playwright instance ------------
2026-01-14 13:59:43 [main] INFO  Log - ---------------Launching Chromium browser with Chrome channel ------------
2026-01-14 13:59:43 [main] INFO  Log - ---------------Browser Screen Size 1920, 1080 opening successfully ------------
2026-01-14 13:59:43 [main] INFO  Log - ---------------Opening new Browser Page/Tab ------------
2026-01-14 13:59:43 [main] INFO  Log - ---------------Create Landing Page Object Successfullay ------------
2026-01-14 13:59:43 [main] INFO  Log - --------- open landing page sucessfullay ---------
2026-01-14 14:03:14 [main] INFO  Log - ---------------Create Playwright instance ------------
2026-01-14 14:03:22 [main] INFO  Log - ---------------Launching Chromium browser with Chrome channel ------------
2026-01-14 14:03:22 [main] INFO  Log - ---------------Browser Screen Size 1920, 1080 opening successfully ------------
2026-01-14 14:03:22 [main] INFO  Log - ---------------Opening new Browser Page/Tab ------------
2026-01-14 14:03:22 [main] INFO  Log - ---------------Create Landing Page Object Successfullay ------------
2026-01-14 14:03:22 [main] INFO  Log - --------- open landing page sucessfullay ---------
2026-01-14 14:15:42 [main] INFO  Log - ---------------Create Playwright instance ------------
2026-01-14 14:15:50 [main] INFO  Log - ---------------Launching Chromium browser with Chrome channel ------------
2026-01-14 14:15:50 [main] INFO  Log - ---------------Browser Screen Size 1920, 1080 opening successfully ------------
2026-01-14 14:15:50 [main] INFO  Log - ---------------Opening new Browser Page/Tab ------------
2026-01-14 14:15:50 [main] INFO  Log - ---------------Create Landing Page Object Successfullay ------------
2026-01-14 14:15:50 [main] INFO  Log - --------- open landing page sucessfullay ---------
2026-01-14 14:22:51 [main] INFO  Log - ---------------Create Playwright instance ------------
2026-01-14 14:23:00 [main] INFO  Log - ---------------Launching Chromium browser with Chrome channel ------------
2026-01-14 14:23:00 [main] INFO  Log - ---------------Browser Screen Size 1920, 1080 opening successfully ------------
2026-01-14 14:23:00 [main] INFO  Log - ---------------Opening new Browser Page/Tab ------------
2026-01-14 14:23:01 [main] INFO  Log - ---------------Create Landing Page Object Successfullay ------------
2026-01-14 14:23:01 [main] INFO  Log - --------- open landing page sucessfullay ---------
2026-01-14 14:26:36 [main] INFO  Log - ---------------Create Playwright instance ------------
2026-01-14 14:26:44 [main] INFO  Log - ---------------Launching Chromium browser with Chrome channel ------------
2026-01-14 14:26:44 [main] INFO  Log - ---------------Browser Screen Size 1920, 1080 opening successfully ------------
2026-01-14 14:26:44 [main] INFO  Log - ---------------Opening new Browser Page/Tab ------------
2026-01-14 14:26:44 [main] INFO  Log - ---------------Create Landing Page Object Successfullay ------------
2026-01-14 14:26:44 [main] INFO  Log - --------- open landing page sucessfullay ---------
2026-01-14 14:27:06 [main] INFO  Log - ---------------Create Playwright instance ------------
2026-01-14 14:27:14 [main] INFO  Log - ---------------Launching Chromium browser with Chrome channel ------------
2026-01-14 14:27:14 [main] INFO  Log - ---------------Browser Screen Size 1920, 1080 opening successfully ------------
2026-01-14 14:27:14 [main] INFO  Log - ---------------Opening new Browser Page/Tab ------------
2026-01-14 14:27:14 [main] INFO  Log - ---------------Create Landing Page Object Successfullay ------------
2026-01-14 14:27:14 [main] INFO  Log - --------- open landing page sucessfullay ---------
